[2025-09-27 17:36:56] METHOD: GET
[2025-09-27 17:36:56] INPUT: {"koko":""}
[2025-09-27 17:36:56] SESSION: {"guestToken":"694d5234561a1712ba2ec00920945f24","cartID":78}
[2025-09-27 17:36:56] METHOD: GET
[2025-09-27 17:36:56] INPUT: {"pizzat":""}
[2025-09-27 17:36:56] SESSION: {"guestToken":"694d5234561a1712ba2ec00920945f24","cartID":78}
[2025-09-27 17:36:56] METHOD: GET
[2025-09-27 17:36:56] INPUT: {"kori":"","includeItems":"false"}
[2025-09-27 17:36:56] SESSION: {"guestToken":"694d5234561a1712ba2ec00920945f24","cartID":78}
[2025-09-27 17:36:59] METHOD: POST
[2025-09-27 17:36:59] INPUT: {"addItem":true,"PizzaID":2,"KokoID":"2","quantity":1}
[2025-09-27 17:36:59] SESSION: {"guestToken":"694d5234561a1712ba2ec00920945f24","cartID":78}
[2025-09-27 17:36:59] METHOD: GET
[2025-09-27 17:36:59] INPUT: {"kori":"","includeItems":"false"}
[2025-09-27 17:36:59] SESSION: {"guestToken":"694d5234561a1712ba2ec00920945f24","cartID":78}
[2025-09-27 17:37:09] METHOD: POST
[2025-09-27 17:37:09] INPUT: {"addItem":true,"PizzaID":2,"KokoID":"2","quantity":1}
[2025-09-27 17:37:09] SESSION: {"guestToken":"694d5234561a1712ba2ec00920945f24","cartID":78}
[2025-09-27 17:37:09] METHOD: GET
[2025-09-27 17:37:09] INPUT: {"kori":"","includeItems":"false"}
[2025-09-27 17:37:09] SESSION: {"guestToken":"694d5234561a1712ba2ec00920945f24","cartID":78}
[2025-09-27 17:38:46] METHOD: GET
[2025-09-27 17:38:46] INPUT: {"pizzat":""}
[2025-09-27 17:38:46] SESSION: {"guestToken":"694d5234561a1712ba2ec00920945f24","cartID":78}
[2025-09-27 17:38:46] METHOD: GET
[2025-09-27 17:38:46] INPUT: {"koko":""}
[2025-09-27 17:38:46] SESSION: {"guestToken":"694d5234561a1712ba2ec00920945f24","cartID":78}
[2025-09-27 17:38:46] METHOD: GET
[2025-09-27 17:38:46] INPUT: {"kori":"","includeItems":"false"}
[2025-09-27 17:38:46] SESSION: {"guestToken":"694d5234561a1712ba2ec00920945f24","cartID":78}
[2025-09-27 17:38:47] METHOD: POST
[2025-09-27 17:38:47] INPUT: {"addItem":true,"PizzaID":2,"KokoID":"2","quantity":1}
[2025-09-27 17:38:47] SESSION: {"guestToken":"694d5234561a1712ba2ec00920945f24","cartID":78}
[2025-09-27 17:38:47] METHOD: GET
[2025-09-27 17:38:47] INPUT: {"kori":"","includeItems":"false"}
[2025-09-27 17:38:47] SESSION: {"guestToken":"694d5234561a1712ba2ec00920945f24","cartID":78}
[2025-09-27 17:39:09] METHOD: POST
[2025-09-27 17:39:09] INPUT: {"addItem":true,"PizzaID":2,"KokoID":"2","quantity":1}
[2025-09-27 17:39:09] SESSION: {"guestToken":"694d5234561a1712ba2ec00920945f24","cartID":78}
[2025-09-27 17:39:09] SESSION: {"guestToken":"694d5234561a1712ba2ec00920945f24","cartID":78}{"addItem":true,"PizzaID":2,"KokoID":"2","quantity":1}
[2025-09-27 17:39:09] METHOD: GET
[2025-09-27 17:39:09] INPUT: {"kori":"","includeItems":"false"}
[2025-09-27 17:39:09] SESSION: {"guestToken":"694d5234561a1712ba2ec00920945f24","cartID":78}
[2025-09-27 17:39:38] METHOD: GET
[2025-09-27 17:39:38] INPUT: {"koko":""}
[2025-09-27 17:39:38] SESSION: {"guestToken":"694d5234561a1712ba2ec00920945f24","cartID":78}
[2025-09-27 17:39:38] METHOD: GET
[2025-09-27 17:39:38] INPUT: {"pizzat":""}
[2025-09-27 17:39:38] SESSION: {"guestToken":"694d5234561a1712ba2ec00920945f24","cartID":78}
[2025-09-27 17:39:38] METHOD: GET
[2025-09-27 17:39:38] INPUT: {"kori":"","includeItems":"false"}
[2025-09-27 17:39:38] SESSION: {"guestToken":"694d5234561a1712ba2ec00920945f24","cartID":78}
[2025-09-27 17:39:40] METHOD: POST
[2025-09-27 17:39:40] INPUT: {"addItem":true,"PizzaID":2,"KokoID":"2","quantity":1}
[2025-09-27 17:39:40] SESSION: {"guestToken":"694d5234561a1712ba2ec00920945f24","cartID":78}
[2025-09-27 17:39:40] SESSION add to cart: {"guestToken":"694d5234561a1712ba2ec00920945f24","cartID":78}{"addItem":true,"PizzaID":2,"KokoID":"2","quantity":1}
[2025-09-27 17:39:40] METHOD: GET
[2025-09-27 17:39:40] INPUT: {"kori":"","includeItems":"false"}
[2025-09-27 17:39:40] SESSION: {"guestToken":"694d5234561a1712ba2ec00920945f24","cartID":78}
[2025-09-27 17:39:41] METHOD: POST
[2025-09-27 17:39:41] INPUT: {"addItem":true,"PizzaID":2,"KokoID":"2","quantity":1}
[2025-09-27 17:39:41] SESSION: {"guestToken":"694d5234561a1712ba2ec00920945f24","cartID":78}
[2025-09-27 17:39:41] SESSION add to cart: {"guestToken":"694d5234561a1712ba2ec00920945f24","cartID":78}{"addItem":true,"PizzaID":2,"KokoID":"2","quantity":1}
[2025-09-27 17:39:41] METHOD: GET
[2025-09-27 17:39:41] INPUT: {"kori":"","includeItems":"false"}
[2025-09-27 17:39:41] SESSION: {"guestToken":"694d5234561a1712ba2ec00920945f24","cartID":78}
[2025-09-27 17:39:41] METHOD: POST
[2025-09-27 17:39:41] INPUT: {"addItem":true,"PizzaID":2,"KokoID":"2","quantity":1}
[2025-09-27 17:39:41] SESSION: {"guestToken":"694d5234561a1712ba2ec00920945f24","cartID":78}
[2025-09-27 17:39:41] SESSION add to cart: {"guestToken":"694d5234561a1712ba2ec00920945f24","cartID":78}{"addItem":true,"PizzaID":2,"KokoID":"2","quantity":1}
[2025-09-27 17:39:41] METHOD: GET
[2025-09-27 17:39:41] INPUT: {"kori":"","includeItems":"false"}
[2025-09-27 17:39:41] SESSION: {"guestToken":"694d5234561a1712ba2ec00920945f24","cartID":78}
[2025-09-27 17:39:42] METHOD: POST
[2025-09-27 17:39:42] INPUT: {"addItem":true,"PizzaID":2,"KokoID":"2","quantity":1}
[2025-09-27 17:39:42] SESSION: {"guestToken":"694d5234561a1712ba2ec00920945f24","cartID":78}
[2025-09-27 17:39:42] SESSION add to cart: {"guestToken":"694d5234561a1712ba2ec00920945f24","cartID":78}{"addItem":true,"PizzaID":2,"KokoID":"2","quantity":1}
[2025-09-27 17:39:42] METHOD: GET
[2025-09-27 17:39:42] INPUT: {"kori":"","includeItems":"false"}
[2025-09-27 17:39:42] SESSION: {"guestToken":"694d5234561a1712ba2ec00920945f24","cartID":78}
[2025-09-27 17:41:27] METHOD: GET
[2025-09-27 17:41:27] INPUT: {"pizzat":""}
[2025-09-27 17:41:27] SESSION: {"guestToken":"694d5234561a1712ba2ec00920945f24","cartID":78}
[2025-09-27 17:41:27] METHOD: GET
[2025-09-27 17:41:27] INPUT: {"koko":""}
[2025-09-27 17:41:27] SESSION: {"guestToken":"694d5234561a1712ba2ec00920945f24","cartID":78}
[2025-09-27 17:41:27] METHOD: GET
[2025-09-27 17:41:27] INPUT: {"kori":"","includeItems":"false"}
[2025-09-27 17:41:27] SESSION: {"guestToken":"694d5234561a1712ba2ec00920945f24","cartID":78}
[2025-09-27 17:41:30] METHOD: POST
[2025-09-27 17:41:30] INPUT: {"addItem":true,"PizzaID":2,"KokoID":"2","quantity":1}
[2025-09-27 17:41:30] SESSION: {"guestToken":"694d5234561a1712ba2ec00920945f24","cartID":78}
[2025-09-27 17:41:30] SESSION add to: {"guestToken":"694d5234561a1712ba2ec00920945f24","cartID":78}{"addItem":true,"PizzaID":2,"KokoID":"2","quantity":1}
[2025-09-27 17:41:30] METHOD: GET
[2025-09-27 17:41:30] INPUT: {"kori":"","includeItems":"false"}
[2025-09-27 17:41:30] SESSION: {"guestToken":"694d5234561a1712ba2ec00920945f24","cartID":78}
[2025-09-27 17:43:35] METHOD: GET
[2025-09-27 17:43:35] INPUT: []
[2025-09-27 17:43:35] SESSION: {"guestToken":"694d5234561a1712ba2ec00920945f24","cartID":78}
[2025-09-27 17:49:36] METHOD: GET
[2025-09-27 17:49:36] INPUT: {"pizzat":""}
[2025-09-27 17:49:36] SESSION: {"guestToken":"694d5234561a1712ba2ec00920945f24","cartID":78}
[2025-09-27 17:49:36] METHOD: GET
[2025-09-27 17:49:36] INPUT: {"koko":""}
[2025-09-27 17:49:36] SESSION: {"guestToken":"694d5234561a1712ba2ec00920945f24","cartID":78}
[2025-09-27 17:49:36] METHOD: GET
[2025-09-27 17:49:36] INPUT: {"kori":"","includeItems":"false"}
[2025-09-27 17:49:36] SESSION: {"guestToken":"694d5234561a1712ba2ec00920945f24","cartID":78}
[2025-09-27 17:49:38] METHOD: POST
[2025-09-27 17:49:38] INPUT: {"addItem":true,"PizzaID":2,"KokoID":"2","quantity":1}
[2025-09-27 17:49:38] SESSION: {"guestToken":"694d5234561a1712ba2ec00920945f24","cartID":78}
[2025-09-27 17:49:38] METHOD: GET
[2025-09-27 17:49:38] INPUT: {"kori":"","includeItems":"false"}
[2025-09-27 17:49:38] SESSION: {"guestToken":"694d5234561a1712ba2ec00920945f24","cartID":78}
[2025-09-27 17:50:20] METHOD: GET
[2025-09-27 17:50:20] INPUT: {"koko":""}
[2025-09-27 17:50:20] SESSION: {"guestToken":"694d5234561a1712ba2ec00920945f24","cartID":78}
[2025-09-27 17:50:20] METHOD: GET
[2025-09-27 17:50:20] INPUT: {"pizzat":""}
[2025-09-27 17:50:20] SESSION: {"guestToken":"694d5234561a1712ba2ec00920945f24","cartID":78}
[2025-09-27 17:50:20] METHOD: GET
[2025-09-27 17:50:20] INPUT: {"kori":"","includeItems":"false"}
[2025-09-27 17:50:20] SESSION: {"guestToken":"694d5234561a1712ba2ec00920945f24","cartID":78}
[2025-09-27 17:50:22] METHOD: POST
[2025-09-27 17:50:22] INPUT: {"addItem":true,"PizzaID":2,"KokoID":"2","quantity":1}
[2025-09-27 17:50:22] SESSION: {"guestToken":"694d5234561a1712ba2ec00920945f24","cartID":78}
[2025-09-27 17:50:22] METHOD: GET
[2025-09-27 17:50:22] INPUT: {"kori":"","includeItems":"false"}
[2025-09-27 17:50:22] SESSION: {"guestToken":"694d5234561a1712ba2ec00920945f24","cartID":78}
[2025-09-27 17:54:07] METHOD: GET
[2025-09-27 17:54:07] INPUT: {"koko":""}
[2025-09-27 17:54:07] SESSION: {"guestToken":"694d5234561a1712ba2ec00920945f24","cartID":78}
[2025-09-27 17:54:07] METHOD: GET
[2025-09-27 17:54:07] INPUT: {"pizzat":""}
[2025-09-27 17:54:07] SESSION: {"guestToken":"694d5234561a1712ba2ec00920945f24","cartID":78}
[2025-09-27 17:54:07] METHOD: GET
[2025-09-27 17:54:07] INPUT: {"kori":"","includeItems":"false"}
[2025-09-27 17:54:07] SESSION: {"guestToken":"694d5234561a1712ba2ec00920945f24","cartID":78}
[2025-09-27 17:54:09] METHOD: POST
[2025-09-27 17:54:09] INPUT: {"addItem":true,"pizzaID":2,"KokoID":"2","quantity":1}
[2025-09-27 17:54:09] SESSION: {"guestToken":"694d5234561a1712ba2ec00920945f24","cartID":78}
[2025-09-27 17:54:09] METHOD: GET
[2025-09-27 17:54:09] INPUT: {"kori":"","includeItems":"false"}
[2025-09-27 17:54:09] SESSION: {"guestToken":"694d5234561a1712ba2ec00920945f24","cartID":78}
[2025-09-27 17:56:16] METHOD: GET
[2025-09-27 17:56:16] INPUT: {"koko":""}
[2025-09-27 17:56:16] SESSION: []
[2025-09-27 17:56:16] METHOD: GET
[2025-09-27 17:56:16] INPUT: {"pizzat":""}
[2025-09-27 17:56:16] SESSION: []
[2025-09-27 17:56:16] METHOD: GET
[2025-09-27 17:56:16] INPUT: {"kori":"","includeItems":"false"}
[2025-09-27 17:56:16] SESSION: []
[2025-09-27 17:56:19] METHOD: POST
[2025-09-27 17:56:19] INPUT: {"addItem":true,"pizzaID":2,"KokoID":"2","quantity":1}
[2025-09-27 17:56:19] SESSION: {"guestToken":"694d5234561a1712ba2ec00920945f24","cartID":78}
[2025-09-27 17:56:19] METHOD: GET
[2025-09-27 17:56:19] INPUT: {"kori":"","includeItems":"false"}
[2025-09-27 17:56:19] SESSION: {"guestToken":"694d5234561a1712ba2ec00920945f24","cartID":78}
[2025-09-27 17:56:28] METHOD: GET
[2025-09-27 17:56:28] INPUT: []
[2025-09-27 17:56:28] SESSION: {"guestToken":"694d5234561a1712ba2ec00920945f24","cartID":78}
[2025-09-27 17:58:00] METHOD: POST
[2025-09-27 17:58:00] INPUT: {"addItem":true,"pizzaID":2,"KokoID":"2","quantity":1}
[2025-09-27 17:58:00] SESSION: {"guestToken":"694d5234561a1712ba2ec00920945f24","cartID":78}
[2025-09-27 17:58:00] METHOD: GET
[2025-09-27 17:58:00] INPUT: {"kori":"","includeItems":"false"}
[2025-09-27 17:58:00] SESSION: {"guestToken":"694d5234561a1712ba2ec00920945f24","cartID":78}
[2025-09-27 17:58:20] METHOD: POST
[2025-09-27 17:58:20] INPUT: {"addItem":true,"pizzaID":2,"KokoID":"2","quantity":1}
[2025-09-27 17:58:20] SESSION: {"guestToken":"694d5234561a1712ba2ec00920945f24","cartID":78}
[2025-09-27 17:58:20] SESSION: {"guestToken":"694d5234561a1712ba2ec00920945f24","cartID":78}{"addItem":true,"pizzaID":2,"KokoID":"2","quantity":1}
[2025-09-27 17:58:20] METHOD: GET
[2025-09-27 17:58:20] INPUT: {"kori":"","includeItems":"false"}
[2025-09-27 17:58:20] SESSION: {"guestToken":"694d5234561a1712ba2ec00920945f24","cartID":78}
[2025-09-27 17:58:48] METHOD: GET
[2025-09-27 17:58:48] INPUT: {"pizzat":""}
[2025-09-27 17:58:48] SESSION: {"guestToken":"694d5234561a1712ba2ec00920945f24","cartID":78}
[2025-09-27 17:58:48] METHOD: GET
[2025-09-27 17:58:48] INPUT: {"koko":""}
[2025-09-27 17:58:48] SESSION: {"guestToken":"694d5234561a1712ba2ec00920945f24","cartID":78}
[2025-09-27 17:58:48] METHOD: GET
[2025-09-27 17:58:48] INPUT: {"kori":"","includeItems":"false"}
[2025-09-27 17:58:48] SESSION: {"guestToken":"694d5234561a1712ba2ec00920945f24","cartID":78}
[2025-09-27 17:58:49] METHOD: POST
[2025-09-27 17:58:49] INPUT: {"addItem":true,"pizzaID":2,"KokoID":"2","quantity":1}
[2025-09-27 17:58:49] SESSION: {"guestToken":"694d5234561a1712ba2ec00920945f24","cartID":78}
[2025-09-27 17:58:49] SESSION: {"guestToken":"694d5234561a1712ba2ec00920945f24","cartID":78}{"addItem":true,"pizzaID":2,"KokoID":"2","quantity":1}
[2025-09-27 17:58:49] METHOD: GET
[2025-09-27 17:58:49] INPUT: {"kori":"","includeItems":"false"}
[2025-09-27 17:58:49] SESSION: {"guestToken":"694d5234561a1712ba2ec00920945f24","cartID":78}
[2025-09-27 18:00:00] METHOD: GET
[2025-09-27 18:00:00] INPUT: {"koko":""}
[2025-09-27 18:00:00] SESSION: {"guestToken":"694d5234561a1712ba2ec00920945f24","cartID":78}
[2025-09-27 18:00:00] METHOD: GET
[2025-09-27 18:00:00] INPUT: {"pizzat":""}
[2025-09-27 18:00:00] SESSION: {"guestToken":"694d5234561a1712ba2ec00920945f24","cartID":78}
[2025-09-27 18:00:00] METHOD: GET
[2025-09-27 18:00:00] INPUT: {"kori":"","includeItems":"false"}
[2025-09-27 18:00:00] SESSION: {"guestToken":"694d5234561a1712ba2ec00920945f24","cartID":78}
[2025-09-27 18:00:01] METHOD: POST
[2025-09-27 18:00:01] INPUT: {"addItem":true,"pizzaID":2,"KokoID":"2","quantity":1}
[2025-09-27 18:00:01] SESSION: {"guestToken":"694d5234561a1712ba2ec00920945f24","cartID":78}
[2025-09-27 18:00:01] SESSION: {"guestToken":"694d5234561a1712ba2ec00920945f24","cartID":78}{"addItem":true,"pizzaID":2,"KokoID":"2","quantity":1}
[2025-09-27 18:01:03] METHOD: GET
[2025-09-27 18:01:03] INPUT: {"pizzat":""}
[2025-09-27 18:01:03] SESSION: {"guestToken":"694d5234561a1712ba2ec00920945f24","cartID":78}
[2025-09-27 18:01:03] METHOD: GET
[2025-09-27 18:01:03] INPUT: {"koko":""}
[2025-09-27 18:01:03] SESSION: {"guestToken":"694d5234561a1712ba2ec00920945f24","cartID":78}
[2025-09-27 18:01:03] METHOD: GET
[2025-09-27 18:01:03] INPUT: {"kori":"","includeItems":"false"}
[2025-09-27 18:01:03] SESSION: {"guestToken":"694d5234561a1712ba2ec00920945f24","cartID":78}
[2025-09-27 18:01:05] METHOD: POST
[2025-09-27 18:01:05] INPUT: {"addItem":true,"pizzaID":2,"KokoID":"2","quantity":1}
[2025-09-27 18:01:05] SESSION: {"guestToken":"694d5234561a1712ba2ec00920945f24","cartID":78}
[2025-09-27 18:01:05] SESSION: {"guestToken":"694d5234561a1712ba2ec00920945f24","cartID":78}{"addItem":true,"pizzaID":2,"KokoID":"2","quantity":1}
[2025-09-27 18:01:26] METHOD: GET
[2025-09-27 18:01:26] INPUT: {"pizzat":""}
[2025-09-27 18:01:26] SESSION: {"guestToken":"694d5234561a1712ba2ec00920945f24","cartID":78}
[2025-09-27 18:01:26] METHOD: GET
[2025-09-27 18:01:26] INPUT: {"koko":""}
[2025-09-27 18:01:26] SESSION: {"guestToken":"694d5234561a1712ba2ec00920945f24","cartID":78}
[2025-09-27 18:01:26] METHOD: GET
[2025-09-27 18:01:26] INPUT: {"kori":"","includeItems":"false"}
[2025-09-27 18:01:26] SESSION: {"guestToken":"694d5234561a1712ba2ec00920945f24","cartID":78}
[2025-09-27 18:01:27] METHOD: POST
[2025-09-27 18:01:27] INPUT: {"addItem":true,"pizzaID":2,"KokoID":"2","quantity":1}
[2025-09-27 18:01:27] SESSION: {"guestToken":"694d5234561a1712ba2ec00920945f24","cartID":78}
[2025-09-27 18:01:27] SESSION: {"guestToken":"694d5234561a1712ba2ec00920945f24","cartID":78}{"addItem":true,"pizzaID":2,"KokoID":"2","quantity":1}
[2025-09-27 18:01:27] METHOD: GET
[2025-09-27 18:01:27] INPUT: {"kori":"","includeItems":"false"}
[2025-09-27 18:01:27] SESSION: {"guestToken":"694d5234561a1712ba2ec00920945f24","cartID":78}
[2025-09-27 18:03:38] METHOD: GET
[2025-09-27 18:03:38] INPUT: {"koko":""}
[2025-09-27 18:03:38] SESSION: {"guestToken":"694d5234561a1712ba2ec00920945f24","cartID":78}
[2025-09-27 18:03:38] METHOD: GET
[2025-09-27 18:03:38] INPUT: {"kori":"","includeItems":"false"}
[2025-09-27 18:03:38] SESSION: {"guestToken":"694d5234561a1712ba2ec00920945f24","cartID":78}
[2025-09-27 18:03:38] METHOD: GET
[2025-09-27 18:03:38] INPUT: {"pizzat":""}
[2025-09-27 18:03:38] SESSION: {"guestToken":"694d5234561a1712ba2ec00920945f24","cartID":78}
[2025-09-27 18:03:40] METHOD: POST
[2025-09-27 18:03:40] INPUT: {"addItem":true,"pizzaID":2,"KokoID":"2","quantity":1}
[2025-09-27 18:03:40] SESSION: {"guestToken":"694d5234561a1712ba2ec00920945f24","cartID":78}
[2025-09-27 18:03:40] SESSION: {"guestToken":"694d5234561a1712ba2ec00920945f24","cartID":78}{"addItem":true,"pizzaID":2,"KokoID":"2","quantity":1}
[2025-09-27 18:05:27] METHOD: POST
[2025-09-27 18:05:27] INPUT: {"addItem":true,"pizzaID":1,"KokoID":"2","quantity":1}
[2025-09-27 18:05:27] SESSION: {"guestToken":"694d5234561a1712ba2ec00920945f24","cartID":78}
[2025-09-27 18:05:27] SESSION: {"guestToken":"694d5234561a1712ba2ec00920945f24","cartID":78}{"addItem":true,"pizzaID":1,"KokoID":"2","quantity":1}
[2025-09-27 18:07:09] METHOD: GET
[2025-09-27 18:07:09] INPUT: {"koko":""}
[2025-09-27 18:07:09] SESSION: {"guestToken":"694d5234561a1712ba2ec00920945f24","cartID":78}
[2025-09-27 18:07:09] METHOD: GET
[2025-09-27 18:07:09] INPUT: {"pizzat":""}
[2025-09-27 18:07:09] SESSION: {"guestToken":"694d5234561a1712ba2ec00920945f24","cartID":78}
[2025-09-27 18:07:09] METHOD: GET
[2025-09-27 18:07:09] INPUT: {"kori":"","includeItems":"false"}
[2025-09-27 18:07:09] SESSION: {"guestToken":"694d5234561a1712ba2ec00920945f24","cartID":78}
[2025-09-27 18:07:13] METHOD: POST
[2025-09-27 18:07:13] INPUT: {"addItem":true,"PizzaID":1,"KokoID":"2","Quantity":1}
[2025-09-27 18:07:13] SESSION: {"guestToken":"694d5234561a1712ba2ec00920945f24","cartID":78}
[2025-09-27 18:07:13] SESSION: {"guestToken":"694d5234561a1712ba2ec00920945f24","cartID":78}{"addItem":true,"PizzaID":1,"KokoID":"2","Quantity":1}
[2025-09-27 18:07:13] METHOD: GET
[2025-09-27 18:07:13] INPUT: {"kori":"","includeItems":"false"}
[2025-09-27 18:07:13] SESSION: {"guestToken":"694d5234561a1712ba2ec00920945f24","cartID":78}
[2025-09-27 18:08:18] METHOD: GET
[2025-09-27 18:08:18] INPUT: {"koko":""}
[2025-09-27 18:08:18] SESSION: {"guestToken":"694d5234561a1712ba2ec00920945f24","cartID":78}
[2025-09-27 18:08:18] METHOD: GET
[2025-09-27 18:08:18] INPUT: {"kori":"","includeItems":"false"}
[2025-09-27 18:08:18] SESSION: {"guestToken":"694d5234561a1712ba2ec00920945f24","cartID":78}
[2025-09-27 18:08:18] METHOD: GET
[2025-09-27 18:08:18] INPUT: {"pizzat":""}
[2025-09-27 18:08:18] SESSION: {"guestToken":"694d5234561a1712ba2ec00920945f24","cartID":78}
[2025-09-27 18:08:21] METHOD: POST
[2025-09-27 18:08:21] INPUT: {"addItem":true,"PizzaID":1,"KokoID":"2","Quantity":1}
[2025-09-27 18:08:21] SESSION: {"guestToken":"694d5234561a1712ba2ec00920945f24","cartID":78}
[2025-09-27 18:08:21] SESSION: {"guestToken":"694d5234561a1712ba2ec00920945f24","cartID":78}{"addItem":true,"PizzaID":1,"KokoID":"2","Quantity":1}
[2025-09-27 18:08:21] METHOD: GET
[2025-09-27 18:08:21] INPUT: {"kori":"","includeItems":"false"}
[2025-09-27 18:08:21] SESSION: {"guestToken":"694d5234561a1712ba2ec00920945f24","cartID":78}
[2025-09-27 18:08:23] METHOD: GET
[2025-09-27 18:08:23] INPUT: {"kori":"","includeItems":"true"}
[2025-09-27 18:08:23] SESSION: {"guestToken":"694d5234561a1712ba2ec00920945f24","cartID":78}
[2025-09-27 18:08:28] METHOD: GET
[2025-09-27 18:08:28] INPUT: {"koko":""}
[2025-09-27 18:08:28] SESSION: {"guestToken":"694d5234561a1712ba2ec00920945f24","cartID":78}
[2025-09-27 18:08:28] METHOD: GET
[2025-09-27 18:08:28] INPUT: {"pizzat":""}
[2025-09-27 18:08:28] SESSION: {"guestToken":"694d5234561a1712ba2ec00920945f24","cartID":78}
[2025-09-27 18:08:28] METHOD: GET
[2025-09-27 18:08:28] INPUT: {"kori":"","includeItems":"false"}
[2025-09-27 18:08:28] SESSION: {"guestToken":"694d5234561a1712ba2ec00920945f24","cartID":78}
